<?xml version="1.0" encoding="UTF-8"?>
<!-- Generated by org.testng.reporters.JUnitXMLReporter -->
<testsuite ignored="0" hostname="Lucky" failures="1" tests="2" name="Test1" time="0.116" errors="0" timestamp="2023-06-07T22:43:48 IST">
  <testcase classname="Day07Jun23.TestNgDemo1" name="verifyTitle" time="0.017"/>
  <testcase classname="Day07Jun23.TestNgDemo1" name="verifyUrl" time="0.013">
    <failure type="java.lang.AssertionError" message="null">
      <![CDATA[java.lang.AssertionError: null
at Day07Jun23.TestNgDemo1.verifyUrl(TestNgDemo1.java:10)
at java.base/java.util.ArrayList.forEach(ArrayList.java:1511)
... Removed 27 stack frames]]>
    </failure>
  </testcase> <!-- verifyUrl -->
</testsuite> <!-- Test1 -->
