<?xml version="1.0" encoding="UTF-8"?>
<!-- Generated by org.testng.reporters.JUnitXMLReporter -->
<testsuite ignored="0" hostname="Lucky" failures="0" tests="4" name="Test2" time="0.038" errors="0" timestamp="2023-06-07T22:43:48 IST">
  <testcase classname="Day07Jun23.TestNgDemo2" name="reg" time="0.002"/>
  <testcase classname="Day07Jun23.TestNgDemo2" name="login" time="0.002">
    <skipped/>
  </testcase> <!-- login -->
  <testcase classname="Day07Jun23.TestNgDemo2" name="logout" time="0.002">
    <skipped/>
  </testcase> <!-- logout -->
  <testcase classname="Day07Jun23.TestNgDemo2" name="timepass" time="0.005"/>
</testsuite> <!-- Test2 -->
