<?xml version="1.0" encoding="UTF-8"?>
<!-- Generated by org.testng.reporters.JUnitXMLReporter -->
<testsuite ignored="0" hostname="Lucky" failures="2" tests="12" name="Test" time="0.18" errors="0" timestamp="2023-06-27T17:55:54 IST">
  <testcase classname="Day07Jun23.TestNgDemo3" name="login" time="0.015"/>
  <testcase classname="Day07Jun23.TestNgDemo3" name="logout" time="0.002"/>
  <testcase classname="Day07Jun23.TestNgDemo3" name="reg" time="0.002"/>
  <testcase classname="Day07Jun23.TestNgDemo4" name="reg" time="0.007">
    <failure type="java.lang.AssertionError" message="Intentionally failing: REG">
      <![CDATA[java.lang.AssertionError: Intentionally failing: REG
at Day07Jun23.TestNgDemo4.reg(TestNgDemo4.java:10)
at java.base/java.util.ArrayList.forEach(ArrayList.java:1511)
... Removed 26 stack frames]]>
    </failure>
  </testcase> <!-- reg -->
  <testcase classname="Day07Jun23.TestNgDemo4" name="login" time="0.0">
    <skipped/>
  </testcase> <!-- login -->
  <testcase classname="Day07Jun23.TestNgDemo4" name="logout" time="0.0">
    <skipped/>
  </testcase> <!-- logout -->
  <testcase classname="Day07Jun23.TestNgDemo1" name="verifyTitle" time="0.003"/>
  <testcase classname="Day07Jun23.TestNgDemo1" name="verifyUrl" time="0.002">
    <failure type="java.lang.AssertionError" message="null">
      <![CDATA[java.lang.AssertionError: null
at Day07Jun23.TestNgDemo1.verifyUrl(TestNgDemo1.java:10)
at java.base/java.util.ArrayList.forEach(ArrayList.java:1511)
... Removed 27 stack frames]]>
    </failure>
  </testcase> <!-- verifyUrl -->
  <testcase classname="Day07Jun23.TestNgDemo2" name="reg" time="0.002"/>
  <testcase classname="Day07Jun23.TestNgDemo2" name="login" time="0.002">
    <skipped/>
  </testcase> <!-- login -->
  <testcase classname="Day07Jun23.TestNgDemo2" name="logout" time="0.002">
    <skipped/>
  </testcase> <!-- logout -->
  <testcase classname="Day07Jun23.TestNgDemo2" name="timepass" time="0.002"/>
</testsuite> <!-- Test -->
